# JRE version: OpenJDK Runtime Environment (10.0.2+13) (build 10.0.2+13-Ubuntu-1ubuntu0.18.04.3)
# Java VM: OpenJDK 64-Bit Server VM (10.0.2+13-Ubuntu-1ubuntu0.18.04.3, mixed mode, tiered, compressed oops, serial gc, linux-amd64)
Heap:
 def new generation   total 49088K, used 2514K [0x00000000e0c00000, 0x00000000e4140000, 0x00000000eb2a0000)
  eden space 43648K,   5% used [0x00000000e0c00000, 0x00000000e0e74860, 0x00000000e36a0000)
  from space 5440K,   0% used [0x00000000e36a0000, 0x00000000e36a0000, 0x00000000e3bf0000)
  to   space 5440K,   0% used [0x00000000e3bf0000, 0x00000000e3bf0000, 0x00000000e4140000)
 tenured generation   total 112348K, used 112348K [0x00000000eb2a0000, 0x00000000f2057000, 0x0000000100000000)
   the space 112348K, 100% used [0x00000000eb2a0000, 0x00000000f2057000, 0x00000000f2057000, 0x00000000f2057000)
 Metaspace       used 54699K, capacity 57146K, committed 57560K, reserved 1099776K
  class space    used 5427K, capacity 6313K, committed 6400K, reserved 1048576K
GC Heap History (10 events):
Event: 15.833 GC heap after
{Heap after GC invocations=57 (full 5):
 def new generation   total 49088K, used 4574K [0x00000000e0c00000, 0x00000000e4140000, 0x00000000eb2a0000)
  eden space 43648K,   0% used [0x00000000e0c00000, 0x00000000e0c00000, 0x00000000e36a0000)
  from space 5440K,  84% used [0x00000000e3bf0000, 0x00000000e4067978, 0x00000000e4140000)
  to   space 5440K,   0% used [0x00000000e36a0000, 0x00000000e36a0000, 0x00000000e3bf0000)
 tenured generation   total 108888K, used 85537K [0x00000000eb2a0000, 0x00000000f1cf6000, 0x0000000100000000)
   the space 108888K,  78% used [0x00000000eb2a0000, 0x00000000f0628728, 0x00000000f0628800, 0x00000000f1cf6000)
 Metaspace       used 54697K, capacity 57146K, committed 57560K, reserved 1099776K
  class space    used 5427K, capacity 6313K, committed 6400K, reserved 1048576K
}
Event: 15.931 GC heap before
{Heap before GC invocations=57 (full 5):
 def new generation   total 49088K, used 48222K [0x00000000e0c00000, 0x00000000e4140000, 0x00000000eb2a0000)
  eden space 43648K, 100% used [0x00000000e0c00000, 0x00000000e36a0000, 0x00000000e36a0000)
  from space 5440K,  84% used [0x00000000e3bf0000, 0x00000000e4067978, 0x00000000e4140000)
  to   space 5440K,   0% used [0x00000000e36a0000, 0x00000000e36a0000, 0x00000000e3bf0000)
 tenured generation   total 108888K, used 85537K [0x00000000eb2a0000, 0x00000000f1cf6000, 0x0000000100000000)
   the space 108888K,  78% used [0x00000000eb2a0000, 0x00000000f0628728, 0x00000000f0628800, 0x00000000f1cf6000)
 Metaspace       used 54697K, capacity 57146K, committed 57560K, reserved 1099776K
  class space    used 5427K, capacity 6313K, committed 6400K, reserved 1048576K
}
Event: 15.963 GC heap after
{Heap after GC invocations=58 (full 5):
 def new generation   total 49088K, used 4551K [0x00000000e0c00000, 0x00000000e4140000, 0x00000000eb2a0000)
  eden space 43648K,   0% used [0x00000000e0c00000, 0x00000000e0c00000, 0x00000000e36a0000)
  from space 5440K,  83% used [0x00000000e36a0000, 0x00000000e3b11c98, 0x00000000e3bf0000)
  to   space 5440K,   0% used [0x00000000e3bf0000, 0x00000000e3bf0000, 0x00000000e4140000)
 tenured generation   total 108888K, used 90098K [0x00000000eb2a0000, 0x00000000f1cf6000, 0x0000000100000000)
   the space 108888K,  82% used [0x00000000eb2a0000, 0x00000000f0a9cb40, 0x00000000f0a9cc00, 0x00000000f1cf6000)
 Metaspace       used 54697K, capacity 57146K, committed 57560K, reserved 1099776K
  class space    used 5427K, capacity 6313K, committed 6400K, reserved 1048576K
}
Event: 16.069 GC heap before
{Heap before GC invocations=58 (full 5):
 def new generation   total 49088K, used 48199K [0x00000000e0c00000, 0x00000000e4140000, 0x00000000eb2a0000)
  eden space 43648K, 100% used [0x00000000e0c00000, 0x00000000e36a0000, 0x00000000e36a0000)
  from space 5440K,  83% used [0x00000000e36a0000, 0x00000000e3b11c98, 0x00000000e3bf0000)
  to   space 5440K,   0% used [0x00000000e3bf0000, 0x00000000e3bf0000, 0x00000000e4140000)
 tenured generation   total 108888K, used 90098K [0x00000000eb2a0000, 0x00000000f1cf6000, 0x0000000100000000)
   the space 108888K,  82% used [0x00000000eb2a0000, 0x00000000f0a9cb40, 0x00000000f0a9cc00, 0x00000000f1cf6000)
 Metaspace       used 54697K, capacity 57146K, committed 57560K, reserved 1099776K
  class space    used 5427K, capacity 6313K, committed 6400K, reserved 1048576K
}
Event: 16.089 GC heap after
{Heap after GC invocations=59 (full 5):
 def new generation   total 49088K, used 4555K [0x00000000e0c00000, 0x00000000e4140000, 0x00000000eb2a0000)
  eden space 43648K,   0% used [0x00000000e0c00000, 0x00000000e0c00000, 0x00000000e36a0000)
  from space 5440K,  83% used [0x00000000e3bf0000, 0x00000000e4062e58, 0x00000000e4140000)
  to   space 5440K,   0% used [0x00000000e36a0000, 0x00000000e36a0000, 0x00000000e3bf0000)
 tenured generation   total 108888K, used 94634K [0x00000000eb2a0000, 0x00000000f1cf6000, 0x0000000100000000)
   the space 108888K,  86% used [0x00000000eb2a0000, 0x00000000f0f0ab60, 0x00000000f0f0ac00, 0x00000000f1cf6000)
 Metaspace       used 54697K, capacity 57146K, committed 57560K, reserved 1099776K
  class space    used 5427K, capacity 6313K, committed 6400K, reserved 1048576K
}
Event: 16.266 GC heap before
{Heap before GC invocations=59 (full 5):
 def new generation   total 49088K, used 48203K [0x00000000e0c00000, 0x00000000e4140000, 0x00000000eb2a0000)
  eden space 43648K, 100% used [0x00000000e0c00000, 0x00000000e36a0000, 0x00000000e36a0000)
  from space 5440K,  83% used [0x00000000e3bf0000, 0x00000000e4062e58, 0x00000000e4140000)
  to   space 5440K,   0% used [0x00000000e36a0000, 0x00000000e36a0000, 0x00000000e3bf0000)
 tenured generation   total 108888K, used 94634K [0x00000000eb2a0000, 0x00000000f1cf6000, 0x0000000100000000)
   the space 108888K,  86% used [0x00000000eb2a0000, 0x00000000f0f0ab60, 0x00000000f0f0ac00, 0x00000000f1cf6000)
 Metaspace       used 54697K, capacity 57146K, committed 57560K, reserved 1099776K
  class space    used 5427K, capacity 6313K, committed 6400K, reserved 1048576K
}
Event: 16.282 GC heap after
{Heap after GC invocations=60 (full 5):
 def new generation   total 49088K, used 4799K [0x00000000e0c00000, 0x00000000e4140000, 0x00000000eb2a0000)
  eden space 43648K,   0% used [0x00000000e0c00000, 0x00000000e0c00000, 0x00000000e36a0000)
  from space 5440K,  88% used [0x00000000e36a0000, 0x00000000e3b4fe10, 0x00000000e3bf0000)
  to   space 5440K,   0% used [0x00000000e3bf0000, 0x00000000e3bf0000, 0x00000000e4140000)
 tenured generation   total 108888K, used 99102K [0x00000000eb2a0000, 0x00000000f1cf6000, 0x0000000100000000)
   the space 108888K,  91% used [0x00000000eb2a0000, 0x00000000f1367a00, 0x00000000f1367a00, 0x00000000f1cf6000)
 Metaspace       used 54697K, capacity 57146K, committed 57560K, reserved 1099776K
  class space    used 5427K, capacity 6313K, committed 6400K, reserved 1048576K
}
Event: 16.466 GC heap before
{Heap before GC invocations=60 (full 5):
 def new generation   total 49088K, used 48447K [0x00000000e0c00000, 0x00000000e4140000, 0x00000000eb2a0000)
  eden space 43648K, 100% used [0x00000000e0c00000, 0x00000000e36a0000, 0x00000000e36a0000)
  from space 5440K,  88% used [0x00000000e36a0000, 0x00000000e3b4fe10, 0x00000000e3bf0000)
  to   space 5440K,   0% used [0x00000000e3bf0000, 0x00000000e3bf0000, 0x00000000e4140000)
 tenured generation   total 108888K, used 99102K [0x00000000eb2a0000, 0x00000000f1cf6000, 0x0000000100000000)
   the space 108888K,  91% used [0x00000000eb2a0000, 0x00000000f1367a00, 0x00000000f1367a00, 0x00000000f1cf6000)
 Metaspace       used 54697K, capacity 57146K, committed 57560K, reserved 1099776K
  class space    used 5427K, capacity 6313K, committed 6400K, reserved 1048576K
}
Event: 16.489 GC heap after
{Heap after GC invocations=61 (full 5):
 def new generation   total 49088K, used 5440K [0x00000000e0c00000, 0x00000000e4140000, 0x00000000eb2a0000)
  eden space 43648K,   0% used [0x00000000e0c00000, 0x00000000e0c00000, 0x00000000e36a0000)
  from space 5440K, 100% used [0x00000000e3bf0000, 0x00000000e4140000, 0x00000000e4140000)
  to   space 5440K,   0% used [0x00000000e36a0000, 0x00000000e36a0000, 0x00000000e3bf0000)
 tenured generation   total 108888K, used 106655K [0x00000000eb2a0000, 0x00000000f1cf6000, 0x0000000100000000)
   the space 108888K,  97% used [0x00000000eb2a0000, 0x00000000f1ac7e38, 0x00000000f1ac8000, 0x00000000f1cf6000)
 Metaspace       used 54697K, capacity 57146K, committed 57560K, reserved 1099776K
  class space    used 5427K, capacity 6313K, committed 6400K, reserved 1048576K
}
Event: 16.946 GC heap before
{Heap before GC invocations=61 (full 5):
 def new generation   total 49088K, used 49088K [0x00000000e0c00000, 0x00000000e4140000, 0x00000000eb2a0000)
  eden space 43648K, 100% used [0x00000000e0c00000, 0x00000000e36a0000, 0x00000000e36a0000)
  from space 5440K, 100% used [0x00000000e3bf0000, 0x00000000e4140000, 0x00000000e4140000)
  to   space 5440K,   0% used [0x00000000e36a0000, 0x00000000e36a0000, 0x00000000e3bf0000)
 tenured generation   total 108888K, used 106655K [0x00000000eb2a0000, 0x00000000f1cf6000, 0x0000000100000000)
   the space 108888K,  97% used [0x00000000eb2a0000, 0x00000000f1ac7e38, 0x00000000f1ac8000, 0x00000000f1cf6000)
 Metaspace       used 54699K, capacity 57146K, committed 57560K, reserved 1099776K
  class space    used 5427K, capacity 6313K, committed 6400K, reserved 1048576K
}

